2020-12-06 19:25:00 WARNING (MainThread) [homeassistant.loader] You are using a custom integration for hacs which has not been tested by Home Assistant. This component might cause stability problems, be sure to disable it if you experience issues with Home Assistant.
2020-12-06 19:25:00 INFO (MainThread) [homeassistant.setup] Setup of domain logger took 0.0 seconds
2020-12-06 19:25:00 INFO (MainThread) [homeassistant.setup] Setting up recorder
2020-12-06 19:25:00 INFO (MainThread) [homeassistant.setup] Setting up http
2020-12-06 19:25:00 INFO (MainThread) [homeassistant.setup] Setup of domain http took 0.0 seconds
2020-12-06 19:25:00 INFO (MainThread) [homeassistant.setup] Setting up system_log
2020-12-06 19:25:00 INFO (MainThread) [homeassistant.setup] Setup of domain system_log took 0.0 seconds
2020-12-06 19:25:00 INFO (MainThread) [homeassistant.setup] Setup of domain recorder took 0.1 seconds
2020-12-06 19:25:00 INFO (MainThread) [homeassistant.bootstrap] Setting up stage 1: {'person', 'config', 'api', 'search', 'cloud', 'http', 'onboarding', 'device_automation', 'alexa', 'websocket_api', 'image', 'webhook', 'system_log', 'frontend', 'lovelace', 'auth'}
2020-12-06 19:25:00 INFO (MainThread) [homeassistant.setup] Setting up config
2020-12-06 19:25:00 INFO (MainThread) [homeassistant.setup] Setting up api
2020-12-06 19:25:00 INFO (MainThread) [homeassistant.setup] Setting up device_automation
2020-12-06 19:25:00 INFO (MainThread) [homeassistant.setup] Setup of domain device_automation took 0.0 seconds
2020-12-06 19:25:00 INFO (MainThread) [homeassistant.setup] Setting up alexa
2020-12-06 19:25:00 INFO (MainThread) [homeassistant.setup] Setup of domain alexa took 0.0 seconds
2020-12-06 19:25:00 INFO (MainThread) [homeassistant.setup] Setting up websocket_api
2020-12-06 19:25:00 INFO (MainThread) [homeassistant.setup] Setup of domain websocket_api took 0.0 seconds
2020-12-06 19:25:00 INFO (MainThread) [homeassistant.setup] Setting up image
2020-12-06 19:25:00 INFO (MainThread) [homeassistant.setup] Setting up webhook
2020-12-06 19:25:00 INFO (MainThread) [homeassistant.setup] Setup of domain webhook took 0.0 seconds
2020-12-06 19:25:00 INFO (MainThread) [homeassistant.setup] Setting up lovelace
2020-12-06 19:25:00 INFO (MainThread) [homeassistant.setup] Setting up auth
2020-12-06 19:25:00 INFO (MainThread) [homeassistant.setup] Setup of domain auth took 0.0 seconds
2020-12-06 19:25:00 INFO (MainThread) [homeassistant.setup] Setup of domain api took 0.2 seconds
2020-12-06 19:25:00 INFO (MainThread) [homeassistant.setup] Setup of domain config took 0.2 seconds
2020-12-06 19:25:00 INFO (MainThread) [homeassistant.setup] Setting up search
2020-12-06 19:25:00 INFO (MainThread) [homeassistant.setup] Setup of domain search took 0.0 seconds
2020-12-06 19:25:00 INFO (MainThread) [homeassistant.setup] Setup of domain image took 0.0 seconds
2020-12-06 19:25:00 INFO (MainThread) [homeassistant.setup] Setup of domain lovelace took 0.0 seconds
2020-12-06 19:25:00 INFO (SyncWorker_5) [homeassistant.loader] Loaded google_assistant from homeassistant.components.google_assistant
2020-12-06 19:25:00 INFO (SyncWorker_7) [homeassistant.loader] Loaded media_player from homeassistant.components.media_player
2020-12-06 19:25:00 INFO (MainThread) [homeassistant.setup] Setting up person
2020-12-06 19:25:01 INFO (MainThread) [homeassistant.setup] Setting up cloud
2020-12-06 19:25:01 INFO (MainThread) [homeassistant.setup] Setup of domain person took 0.4 seconds
2020-12-06 19:25:01 INFO (MainThread) [homeassistant.setup] Setting up onboarding
2020-12-06 19:25:01 INFO (MainThread) [homeassistant.setup] Setup of domain cloud took 0.0 seconds
2020-12-06 19:25:01 INFO (MainThread) [homeassistant.setup] Setup of domain onboarding took 0.0 seconds
2020-12-06 19:25:01 INFO (MainThread) [homeassistant.setup] Setting up frontend
2020-12-06 19:25:01 INFO (MainThread) [homeassistant.setup] Setup of domain frontend took 0.0 seconds
2020-12-06 19:25:01 INFO (MainThread) [homeassistant.bootstrap] Setting up stage 2: {'sun', 'homekit', 'sensor', 'hacs', 'tts', 'map', 'zwave', 'ipp', 'input_boolean', 'media_source', 'tag', 'ffmpeg', 'sonos', 'counter', 'timer', 'zone', 'binary_sensor', 'scene', 'upnp', 'logbook', 'speedtestdotnet', 'updater', 'neato', 'zeroconf', 'accuweather', 'default_config', 'mobile_app', 'blueprint', 'input_datetime', 'history', 'input_number', 'persistent_notification', 'script', 'homekit_controller', 'system_health', 'input_select', 'ssdp', 'automation', 'camera', 'panel_iframe', 'input_text', 'group'}
2020-12-06 19:25:01 INFO (MainThread) [homeassistant.setup] Setting up sun
2020-12-06 19:25:01 INFO (MainThread) [homeassistant.setup] Setup of domain sun took 0.0 seconds
2020-12-06 19:25:01 INFO (MainThread) [homeassistant.setup] Setting up sensor
2020-12-06 19:25:01 INFO (MainThread) [homeassistant.setup] Setup of domain sensor took 0.0 seconds
2020-12-06 19:25:01 INFO (MainThread) [homeassistant.setup] Setting up map
2020-12-06 19:25:01 INFO (MainThread) [homeassistant.setup] Setup of domain map took 0.0 seconds
2020-12-06 19:25:01 INFO (MainThread) [homeassistant.setup] Setting up zwave
2020-12-06 19:25:01 INFO (MainThread) [homeassistant.setup] Setup of domain zwave took 0.0 seconds
2020-12-06 19:25:01 INFO (MainThread) [homeassistant.setup] Setting up input_boolean
2020-12-06 19:25:01 INFO (MainThread) [homeassistant.setup] Setting up media_source
2020-12-06 19:25:01 INFO (MainThread) [homeassistant.setup] Setting up tag
2020-12-06 19:25:01 INFO (MainThread) [homeassistant.setup] Setting up ffmpeg
2020-12-06 19:25:01 INFO (MainThread) [homeassistant.setup] Setting up counter
2020-12-06 19:25:01 INFO (MainThread) [homeassistant.setup] Setting up timer
2020-12-06 19:25:01 INFO (MainThread) [homeassistant.setup] Setting up zone
2020-12-06 19:25:01 INFO (MainThread) [homeassistant.setup] Setting up scene
2020-12-06 19:25:01 INFO (MainThread) [homeassistant.components.scene] Setting up scene.homeassistant
2020-12-06 19:25:01 INFO (SyncWorker_1) [homeassistant.loader] Loaded template from homeassistant.components.template
2020-12-06 19:25:01 INFO (MainThread) [homeassistant.setup] Setting up logbook
2020-12-06 19:25:01 INFO (MainThread) [homeassistant.setup] Setting up speedtestdotnet
2020-12-06 19:25:01 INFO (MainThread) [homeassistant.setup] Setup of domain speedtestdotnet took 0.0 seconds
2020-12-06 19:25:01 INFO (MainThread) [homeassistant.setup] Setting up updater
2020-12-06 19:25:01 INFO (MainThread) [homeassistant.setup] Setup of domain updater took 0.0 seconds
2020-12-06 19:25:01 INFO (MainThread) [homeassistant.setup] Setting up neato
2020-12-06 19:25:01 INFO (MainThread) [homeassistant.setup] Setup of domain neato took 0.0 seconds
2020-12-06 19:25:01 INFO (MainThread) [homeassistant.setup] Setting up accuweather
2020-12-06 19:25:01 INFO (MainThread) [homeassistant.setup] Setup of domain accuweather took 0.0 seconds
2020-12-06 19:25:01 INFO (MainThread) [homeassistant.setup] Setting up blueprint
2020-12-06 19:25:01 INFO (MainThread) [homeassistant.setup] Setup of domain blueprint took 0.0 seconds
2020-12-06 19:25:01 INFO (MainThread) [homeassistant.setup] Setting up input_datetime
2020-12-06 19:25:01 INFO (MainThread) [homeassistant.setup] Setting up history
2020-12-06 19:25:01 INFO (MainThread) [homeassistant.setup] Setup of domain history took 0.0 seconds
2020-12-06 19:25:01 INFO (MainThread) [homeassistant.setup] Setting up input_number
2020-12-06 19:25:01 INFO (MainThread) [homeassistant.setup] Setting up script
2020-12-06 19:25:01 INFO (MainThread) [homeassistant.setup] Setup of domain script took 0.0 seconds
2020-12-06 19:25:01 INFO (MainThread) [homeassistant.setup] Setting up system_health
2020-12-06 19:25:01 INFO (MainThread) [homeassistant.setup] Setting up input_select
2020-12-06 19:25:01 INFO (MainThread) [homeassistant.setup] Setting up camera
2020-12-06 19:25:01 INFO (MainThread) [homeassistant.setup] Setting up panel_iframe
2020-12-06 19:25:01 INFO (MainThread) [homeassistant.setup] Setup of domain panel_iframe took 0.0 seconds
2020-12-06 19:25:01 INFO (MainThread) [homeassistant.setup] Setting up input_text
2020-12-06 19:25:01 INFO (MainThread) [homeassistant.setup] Setting up group
2020-12-06 19:25:01 INFO (MainThread) [homeassistant.components.zwave] Z-Wave USB path is /dev/cuaU0
2020-12-06 19:25:01 INFO (MainThread) [homeassistant.setup] Setting up hacs
2020-12-06 19:25:01 INFO (MainThread) [homeassistant.setup] Setup of domain hacs took 0.0 seconds
2020-12-06 19:25:01 INFO (MainThread) [homeassistant.setup] Setup of domain media_source took 0.3 seconds
2020-12-06 19:25:01 INFO (MainThread) [homeassistant.setup] Setup of domain scene took 0.3 seconds
2020-12-06 19:25:01 INFO (MainThread) [homeassistant.setup] Setup of domain logbook took 0.2 seconds
2020-12-06 19:25:01 INFO (SyncWorker_6) [homeassistant.loader] Loaded google_translate from homeassistant.components.google_translate
2020-12-06 19:25:01 INFO (MainThread) [homeassistant.setup] Setting up zeroconf
2020-12-06 19:25:01 INFO (MainThread) [homeassistant.setup] Setup of domain system_health took 0.2 seconds
2020-12-06 19:25:01 INFO (MainThread) [homeassistant.setup] Setup of domain group took 0.2 seconds
2020-12-06 19:25:01 INFO (MainThread) [homeassistant.setup] Setup of domain tag took 0.3 seconds
2020-12-06 19:25:01 INFO (MainThread) [homeassistant.setup] Setup of domain counter took 0.3 seconds
2020-12-06 19:25:01 INFO (MainThread) [homeassistant.setup] Setup of domain ffmpeg took 0.3 seconds
2020-12-06 19:25:01 INFO (MainThread) [homeassistant.setup] Setup of domain input_datetime took 0.3 seconds
2020-12-06 19:25:01 INFO (MainThread) [homeassistant.setup] Setup of domain input_number took 0.3 seconds
2020-12-06 19:25:01 INFO (MainThread) [homeassistant.setup] Setup of domain input_text took 0.3 seconds
2020-12-06 19:25:01 INFO (MainThread) [homeassistant.setup] Setup of domain camera took 0.3 seconds
2020-12-06 19:25:01 INFO (MainThread) [homeassistant.setup] Setting up binary_sensor
2020-12-06 19:25:01 INFO (MainThread) [homeassistant.setup] Setup of domain binary_sensor took 0.0 seconds
2020-12-06 19:25:01 INFO (MainThread) [homeassistant.setup] Setting up tts
2020-12-06 19:25:01 INFO (MainThread) [homeassistant.components.binary_sensor] Setting up binary_sensor.template
2020-12-06 19:25:01 INFO (MainThread) [homeassistant.setup] Setup of domain zeroconf took 0.1 seconds
2020-12-06 19:25:01 INFO (SyncWorker_10) [homeassistant.loader] Loaded light from homeassistant.components.light
2020-12-06 19:25:01 INFO (SyncWorker_3) [homeassistant.loader] Loaded lock from homeassistant.components.lock
2020-12-06 19:25:01 INFO (SyncWorker_2) [homeassistant.loader] Loaded fan from homeassistant.components.fan
2020-12-06 19:25:01 INFO (SyncWorker_6) [homeassistant.loader] Loaded climate from homeassistant.components.climate
2020-12-06 19:25:01 INFO (SyncWorker_11) [homeassistant.loader] Loaded cover from homeassistant.components.cover
2020-12-06 19:25:01 INFO (SyncWorker_1) [homeassistant.loader] Loaded switch from homeassistant.components.switch
2020-12-06 19:25:01 INFO (MainThread) [homeassistant.setup] Setting up ipp
2020-12-06 19:25:01 INFO (MainThread) [homeassistant.setup] Setup of domain ipp took 0.0 seconds
2020-12-06 19:25:01 INFO (MainThread) [homeassistant.components.binary_sensor] Setting up binary_sensor.zwave
2020-12-06 19:25:01 INFO (MainThread) [homeassistant.setup] Setup of domain zone took 0.4 seconds
2020-12-06 19:25:01 INFO (MainThread) [homeassistant.components.sensor] Setting up sensor.zwave
2020-12-06 19:25:01 INFO (MainThread) [homeassistant.setup] Setting up light
2020-12-06 19:25:01 INFO (MainThread) [homeassistant.setup] Setting up lock
2020-12-06 19:25:01 INFO (MainThread) [homeassistant.setup] Setup of domain lock took 0.0 seconds
2020-12-06 19:25:01 INFO (MainThread) [homeassistant.setup] Setting up fan
2020-12-06 19:25:01 INFO (MainThread) [homeassistant.setup] Setup of domain fan took 0.0 seconds
2020-12-06 19:25:01 INFO (MainThread) [homeassistant.setup] Setting up climate
2020-12-06 19:25:01 INFO (MainThread) [homeassistant.setup] Setup of domain climate took 0.0 seconds
2020-12-06 19:25:01 INFO (MainThread) [homeassistant.setup] Setting up cover
2020-12-06 19:25:01 INFO (MainThread) [homeassistant.setup] Setup of domain cover took 0.0 seconds
2020-12-06 19:25:01 INFO (MainThread) [homeassistant.setup] Setting up switch
2020-12-06 19:25:01 INFO (MainThread) [homeassistant.setup] Setup of domain switch took 0.0 seconds
2020-12-06 19:25:01 INFO (MainThread) [homeassistant.setup] Setting up sonos
2020-12-06 19:25:01 INFO (MainThread) [homeassistant.setup] Setup of domain sonos took 0.0 seconds
2020-12-06 19:25:01 INFO (MainThread) [homeassistant.components.binary_sensor] Setting up binary_sensor.updater
2020-12-06 19:25:01 INFO (MainThread) [homeassistant.setup] Setting up upnp
2020-12-06 19:25:01 INFO (MainThread) [homeassistant.setup] Setting up automation
2020-12-06 19:25:01 INFO (MainThread) [homeassistant.setup] Setup of domain light took 0.0 seconds
2020-12-06 19:25:01 INFO (MainThread) [homeassistant.components.lock] Setting up lock.zwave
2020-12-06 19:25:01 INFO (MainThread) [homeassistant.components.fan] Setting up fan.zwave
2020-12-06 19:25:01 INFO (MainThread) [homeassistant.components.climate] Setting up climate.zwave
2020-12-06 19:25:01 INFO (MainThread) [homeassistant.components.cover] Setting up cover.zwave
2020-12-06 19:25:01 INFO (MainThread) [homeassistant.components.switch] Setting up switch.zwave
2020-12-06 19:25:01 INFO (SyncWorker_1) [homeassistant.loader] Loaded notify from homeassistant.components.notify
2020-12-06 19:25:01 INFO (MainThread) [homeassistant.setup] Setting up ssdp
2020-12-06 19:25:01 INFO (MainThread) [homeassistant.setup] Setup of domain ssdp took 0.0 seconds
2020-12-06 19:25:01 INFO (MainThread) [homeassistant.setup] Setup of domain upnp took 0.1 seconds
2020-12-06 19:25:01 INFO (MainThread) [homeassistant.components.light] Setting up light.zwave
2020-12-06 19:25:01 INFO (MainThread) [homeassistant.setup] Setting up media_player
2020-12-06 19:25:01 INFO (MainThread) [homeassistant.setup] Setup of domain media_player took 0.0 seconds
2020-12-06 19:25:01 INFO (MainThread) [homeassistant.setup] Setup of domain input_boolean took 0.5 seconds
2020-12-06 19:25:01 INFO (MainThread) [homeassistant.setup] Setup of domain tts took 0.1 seconds
2020-12-06 19:25:01 INFO (MainThread) [custom_components.hacs] 
-------------------------------------------------------------------
HACS (Home Assistant Community Store)

Version: 1.8.0
This is a custom integration
If you have any issues with this you need to open an issue here:
https://github.com/hacs/integration/issues
-------------------------------------------------------------------

2020-12-06 19:25:01 INFO (MainThread) [custom_components.hacs] Setup task HacsSetupTask.WEBSOCKET
2020-12-06 19:25:01 INFO (MainThread) [custom_components.hacs] Setup task HacsSetupTask.FRONTEND
2020-12-06 19:25:01 INFO (MainThread) [homeassistant.setup] Setup of domain timer took 0.5 seconds
2020-12-06 19:25:02 INFO (MainThread) [homeassistant.setup] Setup of domain input_select took 0.5 seconds
2020-12-06 19:25:02 INFO (MainThread) [homeassistant.setup] Setting up homekit
2020-12-06 19:25:02 INFO (MainThread) [homeassistant.setup] Setup of domain homekit took 0.0 seconds
2020-12-06 19:25:02 INFO (MainThread) [homeassistant.setup] Setting up homekit_controller
2020-12-06 19:25:02 INFO (MainThread) [homeassistant.components.media_player] Setting up media_player.sonos
2020-12-06 19:25:02 INFO (MainThread) [homeassistant.setup] Setting up mobile_app
2020-12-06 19:25:02 INFO (MainThread) [homeassistant.setup] Setup of domain automation took 0.3 seconds
2020-12-06 19:25:02 INFO (MainThread) [custom_components.hacs] Setup task HacsSetupTask.CATEGORIES
2020-12-06 19:25:02 INFO (MainThread) [homeassistant.setup] Setup of domain homekit_controller took 0.0 seconds
2020-12-06 19:25:02 INFO (MainThread) [homeassistant.setup] Setup of domain mobile_app took 0.0 seconds
2020-12-06 19:25:02 INFO (MainThread) [homeassistant.setup] Setting up notify
2020-12-06 19:25:02 INFO (MainThread) [homeassistant.setup] Setup of domain notify took 0.0 seconds
2020-12-06 19:25:02 INFO (MainThread) [homeassistant.setup] Setting up device_tracker
2020-12-06 19:25:02 INFO (MainThread) [homeassistant.components.media_player] Setting up media_player.homekit_controller
2020-12-06 19:25:02 INFO (MainThread) [homeassistant.components.sensor] Setting up sensor.mobile_app
2020-12-06 19:25:02 INFO (MainThread) [homeassistant.components.binary_sensor] Setting up binary_sensor.mobile_app
2020-12-06 19:25:02 INFO (MainThread) [homeassistant.components.notify] Setting up notify.mobile_app
2020-12-06 19:25:02 INFO (MainThread) [homeassistant.setup] Setup of domain device_tracker took 0.0 seconds
2020-12-06 19:25:02 INFO (MainThread) [homeassistant.setup] Setting up default_config
2020-12-06 19:25:02 INFO (MainThread) [homeassistant.setup] Setup of domain default_config took 0.0 seconds
2020-12-06 19:25:02 INFO (MainThread) [homeassistant.components.device_tracker] Setting up device_tracker.mobile_app
2020-12-06 19:25:02 INFO (MainThread) [homeassistant.components.sensor] Setting up sensor.speedtestdotnet
2020-12-06 19:25:02 INFO (MainThread) [homeassistant.components.updater] Submitted analytics to Home Assistant servers. Information submitted includes {}
2020-12-06 19:25:02 INFO (MainThread) [custom_components.hacs] Setup task HacsSetupTask.HACS_REPO
2020-12-06 19:25:02 INFO (MainThread) [homeassistant.components.sensor] Setting up sensor.accuweather
2020-12-06 19:25:02 INFO (MainThread) [homeassistant.components.sensor] Not adding entity Home Apparent Temperature because it's disabled
2020-12-06 19:25:02 INFO (MainThread) [homeassistant.components.sensor] Not adding entity Home Cloud Cover because it's disabled
2020-12-06 19:25:02 INFO (MainThread) [homeassistant.components.sensor] Not adding entity Home Dew Point because it's disabled
2020-12-06 19:25:02 INFO (MainThread) [homeassistant.components.sensor] Not adding entity Home RealFeel Temperature Shade because it's disabled
2020-12-06 19:25:02 INFO (MainThread) [homeassistant.components.sensor] Not adding entity Home Wet Bulb Temperature because it's disabled
2020-12-06 19:25:02 INFO (MainThread) [homeassistant.components.sensor] Not adding entity Home Wind Chill Temperature because it's disabled
2020-12-06 19:25:02 INFO (MainThread) [homeassistant.components.sensor] Not adding entity Home Wind Gust because it's disabled
2020-12-06 19:25:02 INFO (SyncWorker_11) [homeassistant.loader] Loaded weather from homeassistant.components.weather
2020-12-06 19:25:02 INFO (MainThread) [homeassistant.setup] Setting up weather
2020-12-06 19:25:02 INFO (MainThread) [homeassistant.setup] Setup of domain weather took 0.0 seconds
2020-12-06 19:25:02 INFO (MainThread) [homeassistant.components.weather] Setting up weather.accuweather
2020-12-06 19:25:03 INFO (MainThread) [custom_components.hacs] <Integration hacs/integration> Registration completed
2020-12-06 19:25:03 INFO (MainThread) [custom_components.hacs] Restore started
2020-12-06 19:25:03 INFO (MainThread) [custom_components.hacs] Restore done
2020-12-06 19:25:03 INFO (MainThread) [custom_components.hacs] Setup task HacsSetupTask.SENSOR
2020-12-06 19:25:03 INFO (MainThread) [custom_components.hacs] Stage changed: HacsStage.WAITING
2020-12-06 19:25:03 INFO (MainThread) [custom_components.hacs] Setup complete, waiting for Home Assistant before startup tasks starts
2020-12-06 19:25:03 INFO (MainThread) [homeassistant.components.sensor] Setting up sensor.hacs
2020-12-06 19:25:07 INFO (MainThread) [homeassistant.components.camera] Setting up camera.neato
2020-12-06 19:25:07 INFO (MainThread) [homeassistant.components.switch] Setting up switch.neato
2020-12-06 19:25:07 INFO (MainThread) [homeassistant.components.sensor] Setting up sensor.neato
2020-12-06 19:25:07 INFO (SyncWorker_5) [homeassistant.loader] Loaded vacuum from homeassistant.components.vacuum
2020-12-06 19:25:07 INFO (MainThread) [homeassistant.setup] Setting up vacuum
2020-12-06 19:25:07 INFO (MainThread) [homeassistant.setup] Setup of domain vacuum took 0.0 seconds
2020-12-06 19:25:07 INFO (MainThread) [homeassistant.components.vacuum] Setting up vacuum.neato
2020-12-06 19:25:09 INFO (MainThread) [homeassistant.components.sensor] Setting up sensor.ipp
2020-12-06 19:25:09 INFO (MainThread) [homeassistant.components.sensor] Not adding entity Canon TR4500 series Uptime because it's disabled
2020-12-06 19:25:12 INFO (MainThread) [homeassistant.components.sensor] Setting up sensor.upnp
2020-12-06 19:25:12 INFO (MainThread) [homeassistant.bootstrap] Home Assistant initialized in 11.99s
2020-12-06 19:25:12 INFO (MainThread) [homeassistant.core] Starting Home Assistant
2020-12-06 19:25:12 INFO (SyncWorker_7) [homeassistant.components.zwave] Starting Z-Wave network...
2020-12-06 19:25:12 INFO (SyncWorker_7) [openzwave] Start Openzwave network.
2020-12-06 19:25:12 INFO (MainThread) [homeassistant.core] Timer:starting
2020-12-06 19:25:12 INFO (SyncWorker_1) [homeassistant.components.zeroconf] Starting Zeroconf broadcast
2020-12-06 19:25:12 INFO (MainThread) [custom_components.hacs] Stage changed: HacsStage.STARTUP
2020-12-06 19:25:12 INFO (MainThread) [custom_components.hacs] setup task HacsSetupTask.CATEGORIES
2020-12-06 19:25:12 INFO (MainThread) [homeassistant.components.automation.living_room_motion] Initialized trigger Living Room Motion
2020-12-06 19:25:12 INFO (SyncWorker_2) [pyhap.accessory_driver] Loading Accessory state from `/home/homeassistant/homeassistant/.storage/homekit.ccdb11120d9bffe22d31a37a3caff8be.state`
2020-12-06 19:25:12 INFO (SyncWorker_11) [pyhap.accessory_driver] Starting accessory HASS Bridge ZDZK on address 192.168.1.40, port 51828.
2020-12-06 19:25:12 INFO (MainThread) [custom_components.hacs] Loading known repositories
2020-12-06 19:25:12 INFO (Dummy-10) [openzwave] Driver ready using library Static Controller version Z-Wave 6.04
2020-12-06 19:25:12 INFO (Dummy-10) [openzwave] home_id 0xc2857012, controller node id is 1
2020-12-06 19:25:12 INFO (Thread-9) [pyhap.hap_server] Got connection with ('192.168.1.151', 49269).
2020-12-06 19:25:12 INFO (Thread-11) [pyhap.hap_server] 192.168.1.151 - "POST /pair-verify HTTP/1.1" 200 -
2020-12-06 19:25:12 INFO (Thread-11) [pyhap.hap_server] 192.168.1.151 - "POST /pair-verify HTTP/1.1" 200 -
2020-12-06 19:25:12 INFO (Thread-11) [pyhap.hap_server] 192.168.1.151 - "GET /accessories HTTP/1.1" 200 -
2020-12-06 19:25:12 INFO (Thread-9) [pyhap.hap_server] Got connection with ('192.168.1.105', 56401).
2020-12-06 19:25:12 INFO (Thread-12) [pyhap.hap_server] 192.168.1.105 - "POST /pair-verify HTTP/1.1" 200 -
2020-12-06 19:25:12 INFO (Thread-12) [pyhap.hap_server] 192.168.1.105 - "POST /pair-verify HTTP/1.1" 200 -
2020-12-06 19:25:12 INFO (Thread-12) [pyhap.hap_server] 192.168.1.105 - "GET /accessories HTTP/1.1" 200 -
2020-12-06 19:25:13 INFO (Thread-12) [pyhap.hap_server] 192.168.1.105 - "PUT /characteristics HTTP/1.1" 204 -
2020-12-06 19:25:13 INFO (Thread-11) [pyhap.hap_server] 192.168.1.151 - "PUT /characteristics HTTP/1.1" 204 -
2020-12-06 19:25:15 INFO (Thread-9) [pyhap.hap_server] Got connection with ('192.168.1.166', 59236).
2020-12-06 19:25:15 INFO (Thread-35) [pyhap.hap_server] 192.168.1.166 - "POST /pair-verify HTTP/1.1" 200 -
2020-12-06 19:25:15 INFO (Thread-35) [pyhap.hap_server] 192.168.1.166 - "POST /pair-verify HTTP/1.1" 200 -
2020-12-06 19:25:15 INFO (Thread-35) [pyhap.hap_server] 192.168.1.166 - "GET /accessories HTTP/1.1" 200 -
2020-12-06 19:25:15 INFO (Thread-35) [pyhap.hap_server] 192.168.1.166 - "PUT /characteristics HTTP/1.1" 204 -
2020-12-06 19:25:17 INFO (Dummy-10) [homeassistant.components.zwave] Z-Wave network is ready for use. All awake nodes have been queried. Sleeping nodes will be queried when they awake
2020-12-06 19:25:17 INFO (MainThread) [homeassistant.components.zwave] Z-Wave ready after 5 seconds
2020-12-06 19:25:17 INFO (SyncWorker_9) [homeassistant.components.zwave] Z-Wave polling interval set to 30000 ms
2020-12-06 19:25:19 INFO (MainThread) [custom_components.hacs] Stage changed: HacsStage.RUNNING
2020-12-06 19:26:17 INFO (Thread-11) [pyhap.hap_server] 192.168.1.151 - "GET /characteristics?id=1.7 HTTP/1.1" 207 -
2020-12-06 19:26:17 INFO (Thread-11) [pyhap.hap_server] 192.168.1.151 - "GET /characteristics?id=2574997675.7 HTTP/1.1" 207 -
2020-12-06 19:26:17 INFO (Thread-11) [pyhap.hap_server] 192.168.1.151 - "GET /characteristics?id=1803350595.7 HTTP/1.1" 207 -
2020-12-06 19:26:18 INFO (Thread-11) [pyhap.hap_server] 192.168.1.151 - "GET /characteristics?id=4158242560.7 HTTP/1.1" 207 -
2020-12-06 19:26:18 INFO (Thread-11) [pyhap.hap_server] 192.168.1.151 - "GET /characteristics?id=543420814.7 HTTP/1.1" 207 -
2020-12-06 19:26:18 INFO (Thread-11) [pyhap.hap_server] 192.168.1.151 - "GET /characteristics?id=1731427721.7 HTTP/1.1" 207 -
2020-12-06 19:26:18 INFO (Thread-11) [pyhap.hap_server] 192.168.1.151 - "GET /characteristics?id=1756264506.7 HTTP/1.1" 207 -
2020-12-06 19:26:18 INFO (Thread-11) [pyhap.hap_server] 192.168.1.151 - "GET /characteristics?id=2223551531.7 HTTP/1.1" 207 -
